[2015-05-14 21:34:55] production.ERROR: exception 'Symfony\Component\HttpKernel\Exception\NotFoundHttpException' in /opt/lampp/htdocs/itsqsaas/vendor/laravel/framework/src/Illuminate/Routing/RouteCollection.php:148
Stack trace:
#0 /opt/lampp/htdocs/itsqsaas/vendor/laravel/framework/src/Illuminate/Routing/Router.php(1054): Illuminate\Routing\RouteCollection->match(Object(Illuminate\Http\Request))
#1 /opt/lampp/htdocs/itsqsaas/vendor/laravel/framework/src/Illuminate/Routing/Router.php(1022): Illuminate\Routing\Router->findRoute(Object(Illuminate\Http\Request))
#2 /opt/lampp/htdocs/itsqsaas/vendor/laravel/framework/src/Illuminate/Routing/Router.php(1001): Illuminate\Routing\Router->dispatchToRoute(Object(Illuminate\Http\Request))
#3 /opt/lampp/htdocs/itsqsaas/vendor/laravel/framework/src/Illuminate/Foundation/Application.php(775): Illuminate\Routing\Router->dispatch(Object(Illuminate\Http\Request))
#4 /opt/lampp/htdocs/itsqsaas/vendor/laravel/framework/src/Illuminate/Foundation/Application.php(745): Illuminate\Foundation\Application->dispatch(Object(Illuminate\Http\Request))
#5 /opt/lampp/htdocs/itsqsaas/vendor/laravel/framework/src/Illuminate/Session/Middleware.php(72): Illuminate\Foundation\Application->handle(Object(Illuminate\Http\Request), 1, true)
#6 /opt/lampp/htdocs/itsqsaas/vendor/laravel/framework/src/Illuminate/Cookie/Queue.php(47): Illuminate\Session\Middleware->handle(Object(Illuminate\Http\Request), 1, true)
#7 /opt/lampp/htdocs/itsqsaas/vendor/laravel/framework/src/Illuminate/Cookie/Guard.php(51): Illuminate\Cookie\Queue->handle(Object(Illuminate\Http\Request), 1, true)
#8 /opt/lampp/htdocs/itsqsaas/vendor/stack/builder/src/Stack/StackedHttpKernel.php(23): Illuminate\Cookie\Guard->handle(Object(Illuminate\Http\Request), 1, true)
#9 /opt/lampp/htdocs/itsqsaas/vendor/laravel/framework/src/Illuminate/Foundation/Application.php(641): Stack\StackedHttpKernel->handle(Object(Illuminate\Http\Request))
#10 /opt/lampp/htdocs/itsqsaas/public/index.php(49): Illuminate\Foundation\Application->run()
#11 {main} [] []
[2015-05-14 21:35:09] production.ERROR: exception 'Symfony\Component\HttpKernel\Exception\NotFoundHttpException' in /opt/lampp/htdocs/itsqsaas/vendor/laravel/framework/src/Illuminate/Routing/RouteCollection.php:148
Stack trace:
#0 /opt/lampp/htdocs/itsqsaas/vendor/laravel/framework/src/Illuminate/Routing/Router.php(1054): Illuminate\Routing\RouteCollection->match(Object(Illuminate\Http\Request))
#1 /opt/lampp/htdocs/itsqsaas/vendor/laravel/framework/src/Illuminate/Routing/Router.php(1022): Illuminate\Routing\Router->findRoute(Object(Illuminate\Http\Request))
#2 /opt/lampp/htdocs/itsqsaas/vendor/laravel/framework/src/Illuminate/Routing/Router.php(1001): Illuminate\Routing\Router->dispatchToRoute(Object(Illuminate\Http\Request))
#3 /opt/lampp/htdocs/itsqsaas/vendor/laravel/framework/src/Illuminate/Foundation/Application.php(775): Illuminate\Routing\Router->dispatch(Object(Illuminate\Http\Request))
#4 /opt/lampp/htdocs/itsqsaas/vendor/laravel/framework/src/Illuminate/Foundation/Application.php(745): Illuminate\Foundation\Application->dispatch(Object(Illuminate\Http\Request))
#5 /opt/lampp/htdocs/itsqsaas/vendor/laravel/framework/src/Illuminate/Session/Middleware.php(72): Illuminate\Foundation\Application->handle(Object(Illuminate\Http\Request), 1, true)
#6 /opt/lampp/htdocs/itsqsaas/vendor/laravel/framework/src/Illuminate/Cookie/Queue.php(47): Illuminate\Session\Middleware->handle(Object(Illuminate\Http\Request), 1, true)
#7 /opt/lampp/htdocs/itsqsaas/vendor/laravel/framework/src/Illuminate/Cookie/Guard.php(51): Illuminate\Cookie\Queue->handle(Object(Illuminate\Http\Request), 1, true)
#8 /opt/lampp/htdocs/itsqsaas/vendor/stack/builder/src/Stack/StackedHttpKernel.php(23): Illuminate\Cookie\Guard->handle(Object(Illuminate\Http\Request), 1, true)
#9 /opt/lampp/htdocs/itsqsaas/vendor/laravel/framework/src/Illuminate/Foundation/Application.php(641): Stack\StackedHttpKernel->handle(Object(Illuminate\Http\Request))
#10 /opt/lampp/htdocs/itsqsaas/public/index.php(49): Illuminate\Foundation\Application->run()
#11 {main} [] []
[2015-05-14 21:36:50] production.ERROR: exception 'Symfony\Component\HttpKernel\Exception\NotFoundHttpException' in /opt/lampp/htdocs/itsqsaas/vendor/laravel/framework/src/Illuminate/Routing/RouteCollection.php:148
Stack trace:
#0 /opt/lampp/htdocs/itsqsaas/vendor/laravel/framework/src/Illuminate/Routing/Router.php(1054): Illuminate\Routing\RouteCollection->match(Object(Illuminate\Http\Request))
#1 /opt/lampp/htdocs/itsqsaas/vendor/laravel/framework/src/Illuminate/Routing/Router.php(1022): Illuminate\Routing\Router->findRoute(Object(Illuminate\Http\Request))
#2 /opt/lampp/htdocs/itsqsaas/vendor/laravel/framework/src/Illuminate/Routing/Router.php(1001): Illuminate\Routing\Router->dispatchToRoute(Object(Illuminate\Http\Request))
#3 /opt/lampp/htdocs/itsqsaas/vendor/laravel/framework/src/Illuminate/Foundation/Application.php(775): Illuminate\Routing\Router->dispatch(Object(Illuminate\Http\Request))
#4 /opt/lampp/htdocs/itsqsaas/vendor/laravel/framework/src/Illuminate/Foundation/Application.php(745): Illuminate\Foundation\Application->dispatch(Object(Illuminate\Http\Request))
#5 /opt/lampp/htdocs/itsqsaas/vendor/laravel/framework/src/Illuminate/Session/Middleware.php(72): Illuminate\Foundation\Application->handle(Object(Illuminate\Http\Request), 1, true)
#6 /opt/lampp/htdocs/itsqsaas/vendor/laravel/framework/src/Illuminate/Cookie/Queue.php(47): Illuminate\Session\Middleware->handle(Object(Illuminate\Http\Request), 1, true)
#7 /opt/lampp/htdocs/itsqsaas/vendor/laravel/framework/src/Illuminate/Cookie/Guard.php(51): Illuminate\Cookie\Queue->handle(Object(Illuminate\Http\Request), 1, true)
#8 /opt/lampp/htdocs/itsqsaas/vendor/stack/builder/src/Stack/StackedHttpKernel.php(23): Illuminate\Cookie\Guard->handle(Object(Illuminate\Http\Request), 1, true)
#9 /opt/lampp/htdocs/itsqsaas/vendor/laravel/framework/src/Illuminate/Foundation/Application.php(641): Stack\StackedHttpKernel->handle(Object(Illuminate\Http\Request))
#10 /opt/lampp/htdocs/itsqsaas/public/index.php(49): Illuminate\Foundation\Application->run()
#11 {main} [] []
[2015-05-14 21:36:54] production.ERROR: exception 'Symfony\Component\HttpKernel\Exception\NotFoundHttpException' in /opt/lampp/htdocs/itsqsaas/vendor/laravel/framework/src/Illuminate/Routing/RouteCollection.php:148
Stack trace:
#0 /opt/lampp/htdocs/itsqsaas/vendor/laravel/framework/src/Illuminate/Routing/Router.php(1054): Illuminate\Routing\RouteCollection->match(Object(Illuminate\Http\Request))
#1 /opt/lampp/htdocs/itsqsaas/vendor/laravel/framework/src/Illuminate/Routing/Router.php(1022): Illuminate\Routing\Router->findRoute(Object(Illuminate\Http\Request))
#2 /opt/lampp/htdocs/itsqsaas/vendor/laravel/framework/src/Illuminate/Routing/Router.php(1001): Illuminate\Routing\Router->dispatchToRoute(Object(Illuminate\Http\Request))
#3 /opt/lampp/htdocs/itsqsaas/vendor/laravel/framework/src/Illuminate/Foundation/Application.php(775): Illuminate\Routing\Router->dispatch(Object(Illuminate\Http\Request))
#4 /opt/lampp/htdocs/itsqsaas/vendor/laravel/framework/src/Illuminate/Foundation/Application.php(745): Illuminate\Foundation\Application->dispatch(Object(Illuminate\Http\Request))
#5 /opt/lampp/htdocs/itsqsaas/vendor/laravel/framework/src/Illuminate/Session/Middleware.php(72): Illuminate\Foundation\Application->handle(Object(Illuminate\Http\Request), 1, true)
#6 /opt/lampp/htdocs/itsqsaas/vendor/laravel/framework/src/Illuminate/Cookie/Queue.php(47): Illuminate\Session\Middleware->handle(Object(Illuminate\Http\Request), 1, true)
#7 /opt/lampp/htdocs/itsqsaas/vendor/laravel/framework/src/Illuminate/Cookie/Guard.php(51): Illuminate\Cookie\Queue->handle(Object(Illuminate\Http\Request), 1, true)
#8 /opt/lampp/htdocs/itsqsaas/vendor/stack/builder/src/Stack/StackedHttpKernel.php(23): Illuminate\Cookie\Guard->handle(Object(Illuminate\Http\Request), 1, true)
#9 /opt/lampp/htdocs/itsqsaas/vendor/laravel/framework/src/Illuminate/Foundation/Application.php(641): Stack\StackedHttpKernel->handle(Object(Illuminate\Http\Request))
#10 /opt/lampp/htdocs/itsqsaas/public/index.php(49): Illuminate\Foundation\Application->run()
#11 {main} [] []
[2015-05-14 21:37:23] production.ERROR: exception 'Symfony\Component\HttpKernel\Exception\NotFoundHttpException' in /opt/lampp/htdocs/itsqsaas/vendor/laravel/framework/src/Illuminate/Routing/RouteCollection.php:148
Stack trace:
#0 /opt/lampp/htdocs/itsqsaas/vendor/laravel/framework/src/Illuminate/Routing/Router.php(1054): Illuminate\Routing\RouteCollection->match(Object(Illuminate\Http\Request))
#1 /opt/lampp/htdocs/itsqsaas/vendor/laravel/framework/src/Illuminate/Routing/Router.php(1022): Illuminate\Routing\Router->findRoute(Object(Illuminate\Http\Request))
#2 /opt/lampp/htdocs/itsqsaas/vendor/laravel/framework/src/Illuminate/Routing/Router.php(1001): Illuminate\Routing\Router->dispatchToRoute(Object(Illuminate\Http\Request))
#3 /opt/lampp/htdocs/itsqsaas/vendor/laravel/framework/src/Illuminate/Foundation/Application.php(775): Illuminate\Routing\Router->dispatch(Object(Illuminate\Http\Request))
#4 /opt/lampp/htdocs/itsqsaas/vendor/laravel/framework/src/Illuminate/Foundation/Application.php(745): Illuminate\Foundation\Application->dispatch(Object(Illuminate\Http\Request))
#5 /opt/lampp/htdocs/itsqsaas/vendor/laravel/framework/src/Illuminate/Session/Middleware.php(72): Illuminate\Foundation\Application->handle(Object(Illuminate\Http\Request), 1, true)
#6 /opt/lampp/htdocs/itsqsaas/vendor/laravel/framework/src/Illuminate/Cookie/Queue.php(47): Illuminate\Session\Middleware->handle(Object(Illuminate\Http\Request), 1, true)
#7 /opt/lampp/htdocs/itsqsaas/vendor/laravel/framework/src/Illuminate/Cookie/Guard.php(51): Illuminate\Cookie\Queue->handle(Object(Illuminate\Http\Request), 1, true)
#8 /opt/lampp/htdocs/itsqsaas/vendor/stack/builder/src/Stack/StackedHttpKernel.php(23): Illuminate\Cookie\Guard->handle(Object(Illuminate\Http\Request), 1, true)
#9 /opt/lampp/htdocs/itsqsaas/vendor/laravel/framework/src/Illuminate/Foundation/Application.php(641): Stack\StackedHttpKernel->handle(Object(Illuminate\Http\Request))
#10 /opt/lampp/htdocs/itsqsaas/public/index.php(49): Illuminate\Foundation\Application->run()
#11 {main} [] []
[2015-05-15 06:26:01] production.ERROR: exception 'Symfony\Component\HttpKernel\Exception\NotFoundHttpException' in /opt/lampp/htdocs/itsqsaas/vendor/laravel/framework/src/Illuminate/Routing/RouteCollection.php:148
Stack trace:
#0 /opt/lampp/htdocs/itsqsaas/vendor/laravel/framework/src/Illuminate/Routing/Router.php(1054): Illuminate\Routing\RouteCollection->match(Object(Illuminate\Http\Request))
#1 /opt/lampp/htdocs/itsqsaas/vendor/laravel/framework/src/Illuminate/Routing/Router.php(1022): Illuminate\Routing\Router->findRoute(Object(Illuminate\Http\Request))
#2 /opt/lampp/htdocs/itsqsaas/vendor/laravel/framework/src/Illuminate/Routing/Router.php(1001): Illuminate\Routing\Router->dispatchToRoute(Object(Illuminate\Http\Request))
#3 /opt/lampp/htdocs/itsqsaas/vendor/laravel/framework/src/Illuminate/Foundation/Application.php(775): Illuminate\Routing\Router->dispatch(Object(Illuminate\Http\Request))
#4 /opt/lampp/htdocs/itsqsaas/vendor/laravel/framework/src/Illuminate/Foundation/Application.php(745): Illuminate\Foundation\Application->dispatch(Object(Illuminate\Http\Request))
#5 /opt/lampp/htdocs/itsqsaas/vendor/laravel/framework/src/Illuminate/Session/Middleware.php(72): Illuminate\Foundation\Application->handle(Object(Illuminate\Http\Request), 1, true)
#6 /opt/lampp/htdocs/itsqsaas/vendor/laravel/framework/src/Illuminate/Cookie/Queue.php(47): Illuminate\Session\Middleware->handle(Object(Illuminate\Http\Request), 1, true)
#7 /opt/lampp/htdocs/itsqsaas/vendor/laravel/framework/src/Illuminate/Cookie/Guard.php(51): Illuminate\Cookie\Queue->handle(Object(Illuminate\Http\Request), 1, true)
#8 /opt/lampp/htdocs/itsqsaas/vendor/stack/builder/src/Stack/StackedHttpKernel.php(23): Illuminate\Cookie\Guard->handle(Object(Illuminate\Http\Request), 1, true)
#9 /opt/lampp/htdocs/itsqsaas/vendor/laravel/framework/src/Illuminate/Foundation/Application.php(641): Stack\StackedHttpKernel->handle(Object(Illuminate\Http\Request))
#10 /opt/lampp/htdocs/itsqsaas/public/index.php(49): Illuminate\Foundation\Application->run()
#11 {main} [] []
[2015-05-15 12:30:35] production.ERROR: exception 'Symfony\Component\HttpKernel\Exception\NotFoundHttpException' in /opt/lampp/htdocs/itsqsaas/vendor/laravel/framework/src/Illuminate/Routing/RouteCollection.php:148
Stack trace:
#0 /opt/lampp/htdocs/itsqsaas/vendor/laravel/framework/src/Illuminate/Routing/Router.php(1054): Illuminate\Routing\RouteCollection->match(Object(Illuminate\Http\Request))
#1 /opt/lampp/htdocs/itsqsaas/vendor/laravel/framework/src/Illuminate/Routing/Router.php(1022): Illuminate\Routing\Router->findRoute(Object(Illuminate\Http\Request))
#2 /opt/lampp/htdocs/itsqsaas/vendor/laravel/framework/src/Illuminate/Routing/Router.php(1001): Illuminate\Routing\Router->dispatchToRoute(Object(Illuminate\Http\Request))
#3 /opt/lampp/htdocs/itsqsaas/vendor/laravel/framework/src/Illuminate/Foundation/Application.php(775): Illuminate\Routing\Router->dispatch(Object(Illuminate\Http\Request))
#4 /opt/lampp/htdocs/itsqsaas/vendor/laravel/framework/src/Illuminate/Foundation/Application.php(745): Illuminate\Foundation\Application->dispatch(Object(Illuminate\Http\Request))
#5 /opt/lampp/htdocs/itsqsaas/vendor/laravel/framework/src/Illuminate/Session/Middleware.php(72): Illuminate\Foundation\Application->handle(Object(Illuminate\Http\Request), 1, true)
#6 /opt/lampp/htdocs/itsqsaas/vendor/laravel/framework/src/Illuminate/Cookie/Queue.php(47): Illuminate\Session\Middleware->handle(Object(Illuminate\Http\Request), 1, true)
#7 /opt/lampp/htdocs/itsqsaas/vendor/laravel/framework/src/Illuminate/Cookie/Guard.php(51): Illuminate\Cookie\Queue->handle(Object(Illuminate\Http\Request), 1, true)
#8 /opt/lampp/htdocs/itsqsaas/vendor/stack/builder/src/Stack/StackedHttpKernel.php(23): Illuminate\Cookie\Guard->handle(Object(Illuminate\Http\Request), 1, true)
#9 /opt/lampp/htdocs/itsqsaas/vendor/laravel/framework/src/Illuminate/Foundation/Application.php(641): Stack\StackedHttpKernel->handle(Object(Illuminate\Http\Request))
#10 /opt/lampp/htdocs/itsqsaas/public/index.php(49): Illuminate\Foundation\Application->run()
#11 {main} [] []
[2015-05-15 12:30:37] production.ERROR: exception 'Symfony\Component\HttpKernel\Exception\NotFoundHttpException' in /opt/lampp/htdocs/itsqsaas/vendor/laravel/framework/src/Illuminate/Routing/RouteCollection.php:148
Stack trace:
#0 /opt/lampp/htdocs/itsqsaas/vendor/laravel/framework/src/Illuminate/Routing/Router.php(1054): Illuminate\Routing\RouteCollection->match(Object(Illuminate\Http\Request))
#1 /opt/lampp/htdocs/itsqsaas/vendor/laravel/framework/src/Illuminate/Routing/Router.php(1022): Illuminate\Routing\Router->findRoute(Object(Illuminate\Http\Request))
#2 /opt/lampp/htdocs/itsqsaas/vendor/laravel/framework/src/Illuminate/Routing/Router.php(1001): Illuminate\Routing\Router->dispatchToRoute(Object(Illuminate\Http\Request))
#3 /opt/lampp/htdocs/itsqsaas/vendor/laravel/framework/src/Illuminate/Foundation/Application.php(775): Illuminate\Routing\Router->dispatch(Object(Illuminate\Http\Request))
#4 /opt/lampp/htdocs/itsqsaas/vendor/laravel/framework/src/Illuminate/Foundation/Application.php(745): Illuminate\Foundation\Application->dispatch(Object(Illuminate\Http\Request))
#5 /opt/lampp/htdocs/itsqsaas/vendor/laravel/framework/src/Illuminate/Session/Middleware.php(72): Illuminate\Foundation\Application->handle(Object(Illuminate\Http\Request), 1, true)
#6 /opt/lampp/htdocs/itsqsaas/vendor/laravel/framework/src/Illuminate/Cookie/Queue.php(47): Illuminate\Session\Middleware->handle(Object(Illuminate\Http\Request), 1, true)
#7 /opt/lampp/htdocs/itsqsaas/vendor/laravel/framework/src/Illuminate/Cookie/Guard.php(51): Illuminate\Cookie\Queue->handle(Object(Illuminate\Http\Request), 1, true)
#8 /opt/lampp/htdocs/itsqsaas/vendor/stack/builder/src/Stack/StackedHttpKernel.php(23): Illuminate\Cookie\Guard->handle(Object(Illuminate\Http\Request), 1, true)
#9 /opt/lampp/htdocs/itsqsaas/vendor/laravel/framework/src/Illuminate/Foundation/Application.php(641): Stack\StackedHttpKernel->handle(Object(Illuminate\Http\Request))
#10 /opt/lampp/htdocs/itsqsaas/public/index.php(49): Illuminate\Foundation\Application->run()
#11 {main} [] []
[2015-05-15 12:30:37] production.ERROR: exception 'Symfony\Component\HttpKernel\Exception\NotFoundHttpException' in /opt/lampp/htdocs/itsqsaas/vendor/laravel/framework/src/Illuminate/Routing/RouteCollection.php:148
Stack trace:
#0 /opt/lampp/htdocs/itsqsaas/vendor/laravel/framework/src/Illuminate/Routing/Router.php(1054): Illuminate\Routing\RouteCollection->match(Object(Illuminate\Http\Request))
#1 /opt/lampp/htdocs/itsqsaas/vendor/laravel/framework/src/Illuminate/Routing/Router.php(1022): Illuminate\Routing\Router->findRoute(Object(Illuminate\Http\Request))
#2 /opt/lampp/htdocs/itsqsaas/vendor/laravel/framework/src/Illuminate/Routing/Router.php(1001): Illuminate\Routing\Router->dispatchToRoute(Object(Illuminate\Http\Request))
#3 /opt/lampp/htdocs/itsqsaas/vendor/laravel/framework/src/Illuminate/Foundation/Application.php(775): Illuminate\Routing\Router->dispatch(Object(Illuminate\Http\Request))
#4 /opt/lampp/htdocs/itsqsaas/vendor/laravel/framework/src/Illuminate/Foundation/Application.php(745): Illuminate\Foundation\Application->dispatch(Object(Illuminate\Http\Request))
#5 /opt/lampp/htdocs/itsqsaas/vendor/laravel/framework/src/Illuminate/Session/Middleware.php(72): Illuminate\Foundation\Application->handle(Object(Illuminate\Http\Request), 1, true)
#6 /opt/lampp/htdocs/itsqsaas/vendor/laravel/framework/src/Illuminate/Cookie/Queue.php(47): Illuminate\Session\Middleware->handle(Object(Illuminate\Http\Request), 1, true)
#7 /opt/lampp/htdocs/itsqsaas/vendor/laravel/framework/src/Illuminate/Cookie/Guard.php(51): Illuminate\Cookie\Queue->handle(Object(Illuminate\Http\Request), 1, true)
#8 /opt/lampp/htdocs/itsqsaas/vendor/stack/builder/src/Stack/StackedHttpKernel.php(23): Illuminate\Cookie\Guard->handle(Object(Illuminate\Http\Request), 1, true)
#9 /opt/lampp/htdocs/itsqsaas/vendor/laravel/framework/src/Illuminate/Foundation/Application.php(641): Stack\StackedHttpKernel->handle(Object(Illuminate\Http\Request))
#10 /opt/lampp/htdocs/itsqsaas/public/index.php(49): Illuminate\Foundation\Application->run()
#11 {main} [] []
[2015-05-15 12:30:38] production.ERROR: exception 'Symfony\Component\HttpKernel\Exception\NotFoundHttpException' in /opt/lampp/htdocs/itsqsaas/vendor/laravel/framework/src/Illuminate/Routing/RouteCollection.php:148
Stack trace:
#0 /opt/lampp/htdocs/itsqsaas/vendor/laravel/framework/src/Illuminate/Routing/Router.php(1054): Illuminate\Routing\RouteCollection->match(Object(Illuminate\Http\Request))
#1 /opt/lampp/htdocs/itsqsaas/vendor/laravel/framework/src/Illuminate/Routing/Router.php(1022): Illuminate\Routing\Router->findRoute(Object(Illuminate\Http\Request))
#2 /opt/lampp/htdocs/itsqsaas/vendor/laravel/framework/src/Illuminate/Routing/Router.php(1001): Illuminate\Routing\Router->dispatchToRoute(Object(Illuminate\Http\Request))
#3 /opt/lampp/htdocs/itsqsaas/vendor/laravel/framework/src/Illuminate/Foundation/Application.php(775): Illuminate\Routing\Router->dispatch(Object(Illuminate\Http\Request))
#4 /opt/lampp/htdocs/itsqsaas/vendor/laravel/framework/src/Illuminate/Foundation/Application.php(745): Illuminate\Foundation\Application->dispatch(Object(Illuminate\Http\Request))
#5 /opt/lampp/htdocs/itsqsaas/vendor/laravel/framework/src/Illuminate/Session/Middleware.php(72): Illuminate\Foundation\Application->handle(Object(Illuminate\Http\Request), 1, true)
#6 /opt/lampp/htdocs/itsqsaas/vendor/laravel/framework/src/Illuminate/Cookie/Queue.php(47): Illuminate\Session\Middleware->handle(Object(Illuminate\Http\Request), 1, true)
#7 /opt/lampp/htdocs/itsqsaas/vendor/laravel/framework/src/Illuminate/Cookie/Guard.php(51): Illuminate\Cookie\Queue->handle(Object(Illuminate\Http\Request), 1, true)
#8 /opt/lampp/htdocs/itsqsaas/vendor/stack/builder/src/Stack/StackedHttpKernel.php(23): Illuminate\Cookie\Guard->handle(Object(Illuminate\Http\Request), 1, true)
#9 /opt/lampp/htdocs/itsqsaas/vendor/laravel/framework/src/Illuminate/Foundation/Application.php(641): Stack\StackedHttpKernel->handle(Object(Illuminate\Http\Request))
#10 /opt/lampp/htdocs/itsqsaas/public/index.php(49): Illuminate\Foundation\Application->run()
#11 {main} [] []
[2015-05-15 12:34:06] production.ERROR: exception 'Symfony\Component\HttpKernel\Exception\NotFoundHttpException' in /opt/lampp/htdocs/itsqsaas/vendor/laravel/framework/src/Illuminate/Routing/RouteCollection.php:148
Stack trace:
#0 /opt/lampp/htdocs/itsqsaas/vendor/laravel/framework/src/Illuminate/Routing/Router.php(1054): Illuminate\Routing\RouteCollection->match(Object(Illuminate\Http\Request))
#1 /opt/lampp/htdocs/itsqsaas/vendor/laravel/framework/src/Illuminate/Routing/Router.php(1022): Illuminate\Routing\Router->findRoute(Object(Illuminate\Http\Request))
#2 /opt/lampp/htdocs/itsqsaas/vendor/laravel/framework/src/Illuminate/Routing/Router.php(1001): Illuminate\Routing\Router->dispatchToRoute(Object(Illuminate\Http\Request))
#3 /opt/lampp/htdocs/itsqsaas/vendor/laravel/framework/src/Illuminate/Foundation/Application.php(775): Illuminate\Routing\Router->dispatch(Object(Illuminate\Http\Request))
#4 /opt/lampp/htdocs/itsqsaas/vendor/laravel/framework/src/Illuminate/Foundation/Application.php(745): Illuminate\Foundation\Application->dispatch(Object(Illuminate\Http\Request))
#5 /opt/lampp/htdocs/itsqsaas/vendor/laravel/framework/src/Illuminate/Session/Middleware.php(72): Illuminate\Foundation\Application->handle(Object(Illuminate\Http\Request), 1, true)
#6 /opt/lampp/htdocs/itsqsaas/vendor/laravel/framework/src/Illuminate/Cookie/Queue.php(47): Illuminate\Session\Middleware->handle(Object(Illuminate\Http\Request), 1, true)
#7 /opt/lampp/htdocs/itsqsaas/vendor/laravel/framework/src/Illuminate/Cookie/Guard.php(51): Illuminate\Cookie\Queue->handle(Object(Illuminate\Http\Request), 1, true)
#8 /opt/lampp/htdocs/itsqsaas/vendor/stack/builder/src/Stack/StackedHttpKernel.php(23): Illuminate\Cookie\Guard->handle(Object(Illuminate\Http\Request), 1, true)
#9 /opt/lampp/htdocs/itsqsaas/vendor/laravel/framework/src/Illuminate/Foundation/Application.php(641): Stack\StackedHttpKernel->handle(Object(Illuminate\Http\Request))
#10 /opt/lampp/htdocs/itsqsaas/public/index.php(49): Illuminate\Foundation\Application->run()
#11 {main} [] []
[2015-05-15 12:34:08] production.ERROR: exception 'Symfony\Component\HttpKernel\Exception\NotFoundHttpException' in /opt/lampp/htdocs/itsqsaas/vendor/laravel/framework/src/Illuminate/Routing/RouteCollection.php:148
Stack trace:
#0 /opt/lampp/htdocs/itsqsaas/vendor/laravel/framework/src/Illuminate/Routing/Router.php(1054): Illuminate\Routing\RouteCollection->match(Object(Illuminate\Http\Request))
#1 /opt/lampp/htdocs/itsqsaas/vendor/laravel/framework/src/Illuminate/Routing/Router.php(1022): Illuminate\Routing\Router->findRoute(Object(Illuminate\Http\Request))
#2 /opt/lampp/htdocs/itsqsaas/vendor/laravel/framework/src/Illuminate/Routing/Router.php(1001): Illuminate\Routing\Router->dispatchToRoute(Object(Illuminate\Http\Request))
#3 /opt/lampp/htdocs/itsqsaas/vendor/laravel/framework/src/Illuminate/Foundation/Application.php(775): Illuminate\Routing\Router->dispatch(Object(Illuminate\Http\Request))
#4 /opt/lampp/htdocs/itsqsaas/vendor/laravel/framework/src/Illuminate/Foundation/Application.php(745): Illuminate\Foundation\Application->dispatch(Object(Illuminate\Http\Request))
#5 /opt/lampp/htdocs/itsqsaas/vendor/laravel/framework/src/Illuminate/Session/Middleware.php(72): Illuminate\Foundation\Application->handle(Object(Illuminate\Http\Request), 1, true)
#6 /opt/lampp/htdocs/itsqsaas/vendor/laravel/framework/src/Illuminate/Cookie/Queue.php(47): Illuminate\Session\Middleware->handle(Object(Illuminate\Http\Request), 1, true)
#7 /opt/lampp/htdocs/itsqsaas/vendor/laravel/framework/src/Illuminate/Cookie/Guard.php(51): Illuminate\Cookie\Queue->handle(Object(Illuminate\Http\Request), 1, true)
#8 /opt/lampp/htdocs/itsqsaas/vendor/stack/builder/src/Stack/StackedHttpKernel.php(23): Illuminate\Cookie\Guard->handle(Object(Illuminate\Http\Request), 1, true)
#9 /opt/lampp/htdocs/itsqsaas/vendor/laravel/framework/src/Illuminate/Foundation/Application.php(641): Stack\StackedHttpKernel->handle(Object(Illuminate\Http\Request))
#10 /opt/lampp/htdocs/itsqsaas/public/index.php(49): Illuminate\Foundation\Application->run()
#11 {main} [] []
[2015-05-15 12:34:09] production.ERROR: exception 'Symfony\Component\HttpKernel\Exception\NotFoundHttpException' in /opt/lampp/htdocs/itsqsaas/vendor/laravel/framework/src/Illuminate/Routing/RouteCollection.php:148
Stack trace:
#0 /opt/lampp/htdocs/itsqsaas/vendor/laravel/framework/src/Illuminate/Routing/Router.php(1054): Illuminate\Routing\RouteCollection->match(Object(Illuminate\Http\Request))
#1 /opt/lampp/htdocs/itsqsaas/vendor/laravel/framework/src/Illuminate/Routing/Router.php(1022): Illuminate\Routing\Router->findRoute(Object(Illuminate\Http\Request))
#2 /opt/lampp/htdocs/itsqsaas/vendor/laravel/framework/src/Illuminate/Routing/Router.php(1001): Illuminate\Routing\Router->dispatchToRoute(Object(Illuminate\Http\Request))
#3 /opt/lampp/htdocs/itsqsaas/vendor/laravel/framework/src/Illuminate/Foundation/Application.php(775): Illuminate\Routing\Router->dispatch(Object(Illuminate\Http\Request))
#4 /opt/lampp/htdocs/itsqsaas/vendor/laravel/framework/src/Illuminate/Foundation/Application.php(745): Illuminate\Foundation\Application->dispatch(Object(Illuminate\Http\Request))
#5 /opt/lampp/htdocs/itsqsaas/vendor/laravel/framework/src/Illuminate/Session/Middleware.php(72): Illuminate\Foundation\Application->handle(Object(Illuminate\Http\Request), 1, true)
#6 /opt/lampp/htdocs/itsqsaas/vendor/laravel/framework/src/Illuminate/Cookie/Queue.php(47): Illuminate\Session\Middleware->handle(Object(Illuminate\Http\Request), 1, true)
#7 /opt/lampp/htdocs/itsqsaas/vendor/laravel/framework/src/Illuminate/Cookie/Guard.php(51): Illuminate\Cookie\Queue->handle(Object(Illuminate\Http\Request), 1, true)
#8 /opt/lampp/htdocs/itsqsaas/vendor/stack/builder/src/Stack/StackedHttpKernel.php(23): Illuminate\Cookie\Guard->handle(Object(Illuminate\Http\Request), 1, true)
#9 /opt/lampp/htdocs/itsqsaas/vendor/laravel/framework/src/Illuminate/Foundation/Application.php(641): Stack\StackedHttpKernel->handle(Object(Illuminate\Http\Request))
#10 /opt/lampp/htdocs/itsqsaas/public/index.php(49): Illuminate\Foundation\Application->run()
#11 {main} [] []
[2015-05-15 12:35:10] production.ERROR: exception 'Symfony\Component\HttpKernel\Exception\NotFoundHttpException' in /opt/lampp/htdocs/itsqsaas/vendor/laravel/framework/src/Illuminate/Routing/RouteCollection.php:148
Stack trace:
#0 /opt/lampp/htdocs/itsqsaas/vendor/laravel/framework/src/Illuminate/Routing/Router.php(1054): Illuminate\Routing\RouteCollection->match(Object(Illuminate\Http\Request))
#1 /opt/lampp/htdocs/itsqsaas/vendor/laravel/framework/src/Illuminate/Routing/Router.php(1022): Illuminate\Routing\Router->findRoute(Object(Illuminate\Http\Request))
#2 /opt/lampp/htdocs/itsqsaas/vendor/laravel/framework/src/Illuminate/Routing/Router.php(1001): Illuminate\Routing\Router->dispatchToRoute(Object(Illuminate\Http\Request))
#3 /opt/lampp/htdocs/itsqsaas/vendor/laravel/framework/src/Illuminate/Foundation/Application.php(775): Illuminate\Routing\Router->dispatch(Object(Illuminate\Http\Request))
#4 /opt/lampp/htdocs/itsqsaas/vendor/laravel/framework/src/Illuminate/Foundation/Application.php(745): Illuminate\Foundation\Application->dispatch(Object(Illuminate\Http\Request))
#5 /opt/lampp/htdocs/itsqsaas/vendor/laravel/framework/src/Illuminate/Session/Middleware.php(72): Illuminate\Foundation\Application->handle(Object(Illuminate\Http\Request), 1, true)
#6 /opt/lampp/htdocs/itsqsaas/vendor/laravel/framework/src/Illuminate/Cookie/Queue.php(47): Illuminate\Session\Middleware->handle(Object(Illuminate\Http\Request), 1, true)
#7 /opt/lampp/htdocs/itsqsaas/vendor/laravel/framework/src/Illuminate/Cookie/Guard.php(51): Illuminate\Cookie\Queue->handle(Object(Illuminate\Http\Request), 1, true)
#8 /opt/lampp/htdocs/itsqsaas/vendor/stack/builder/src/Stack/StackedHttpKernel.php(23): Illuminate\Cookie\Guard->handle(Object(Illuminate\Http\Request), 1, true)
#9 /opt/lampp/htdocs/itsqsaas/vendor/laravel/framework/src/Illuminate/Foundation/Application.php(641): Stack\StackedHttpKernel->handle(Object(Illuminate\Http\Request))
#10 /opt/lampp/htdocs/itsqsaas/public/index.php(49): Illuminate\Foundation\Application->run()
#11 {main} [] []
[2015-05-15 12:35:10] production.ERROR: exception 'Symfony\Component\HttpKernel\Exception\NotFoundHttpException' in /opt/lampp/htdocs/itsqsaas/vendor/laravel/framework/src/Illuminate/Routing/RouteCollection.php:148
Stack trace:
#0 /opt/lampp/htdocs/itsqsaas/vendor/laravel/framework/src/Illuminate/Routing/Router.php(1054): Illuminate\Routing\RouteCollection->match(Object(Illuminate\Http\Request))
#1 /opt/lampp/htdocs/itsqsaas/vendor/laravel/framework/src/Illuminate/Routing/Router.php(1022): Illuminate\Routing\Router->findRoute(Object(Illuminate\Http\Request))
#2 /opt/lampp/htdocs/itsqsaas/vendor/laravel/framework/src/Illuminate/Routing/Router.php(1001): Illuminate\Routing\Router->dispatchToRoute(Object(Illuminate\Http\Request))
#3 /opt/lampp/htdocs/itsqsaas/vendor/laravel/framework/src/Illuminate/Foundation/Application.php(775): Illuminate\Routing\Router->dispatch(Object(Illuminate\Http\Request))
#4 /opt/lampp/htdocs/itsqsaas/vendor/laravel/framework/src/Illuminate/Foundation/Application.php(745): Illuminate\Foundation\Application->dispatch(Object(Illuminate\Http\Request))
#5 /opt/lampp/htdocs/itsqsaas/vendor/laravel/framework/src/Illuminate/Session/Middleware.php(72): Illuminate\Foundation\Application->handle(Object(Illuminate\Http\Request), 1, true)
#6 /opt/lampp/htdocs/itsqsaas/vendor/laravel/framework/src/Illuminate/Cookie/Queue.php(47): Illuminate\Session\Middleware->handle(Object(Illuminate\Http\Request), 1, true)
#7 /opt/lampp/htdocs/itsqsaas/vendor/laravel/framework/src/Illuminate/Cookie/Guard.php(51): Illuminate\Cookie\Queue->handle(Object(Illuminate\Http\Request), 1, true)
#8 /opt/lampp/htdocs/itsqsaas/vendor/stack/builder/src/Stack/StackedHttpKernel.php(23): Illuminate\Cookie\Guard->handle(Object(Illuminate\Http\Request), 1, true)
#9 /opt/lampp/htdocs/itsqsaas/vendor/laravel/framework/src/Illuminate/Foundation/Application.php(641): Stack\StackedHttpKernel->handle(Object(Illuminate\Http\Request))
#10 /opt/lampp/htdocs/itsqsaas/public/index.php(49): Illuminate\Foundation\Application->run()
#11 {main} [] []
[2015-05-15 12:35:20] production.ERROR: exception 'Symfony\Component\HttpKernel\Exception\NotFoundHttpException' in /opt/lampp/htdocs/itsqsaas/vendor/laravel/framework/src/Illuminate/Routing/RouteCollection.php:148
Stack trace:
#0 /opt/lampp/htdocs/itsqsaas/vendor/laravel/framework/src/Illuminate/Routing/Router.php(1054): Illuminate\Routing\RouteCollection->match(Object(Illuminate\Http\Request))
#1 /opt/lampp/htdocs/itsqsaas/vendor/laravel/framework/src/Illuminate/Routing/Router.php(1022): Illuminate\Routing\Router->findRoute(Object(Illuminate\Http\Request))
#2 /opt/lampp/htdocs/itsqsaas/vendor/laravel/framework/src/Illuminate/Routing/Router.php(1001): Illuminate\Routing\Router->dispatchToRoute(Object(Illuminate\Http\Request))
#3 /opt/lampp/htdocs/itsqsaas/vendor/laravel/framework/src/Illuminate/Foundation/Application.php(775): Illuminate\Routing\Router->dispatch(Object(Illuminate\Http\Request))
#4 /opt/lampp/htdocs/itsqsaas/vendor/laravel/framework/src/Illuminate/Foundation/Application.php(745): Illuminate\Foundation\Application->dispatch(Object(Illuminate\Http\Request))
#5 /opt/lampp/htdocs/itsqsaas/vendor/laravel/framework/src/Illuminate/Session/Middleware.php(72): Illuminate\Foundation\Application->handle(Object(Illuminate\Http\Request), 1, true)
#6 /opt/lampp/htdocs/itsqsaas/vendor/laravel/framework/src/Illuminate/Cookie/Queue.php(47): Illuminate\Session\Middleware->handle(Object(Illuminate\Http\Request), 1, true)
#7 /opt/lampp/htdocs/itsqsaas/vendor/laravel/framework/src/Illuminate/Cookie/Guard.php(51): Illuminate\Cookie\Queue->handle(Object(Illuminate\Http\Request), 1, true)
#8 /opt/lampp/htdocs/itsqsaas/vendor/stack/builder/src/Stack/StackedHttpKernel.php(23): Illuminate\Cookie\Guard->handle(Object(Illuminate\Http\Request), 1, true)
#9 /opt/lampp/htdocs/itsqsaas/vendor/laravel/framework/src/Illuminate/Foundation/Application.php(641): Stack\StackedHttpKernel->handle(Object(Illuminate\Http\Request))
#10 /opt/lampp/htdocs/itsqsaas/public/index.php(49): Illuminate\Foundation\Application->run()
#11 {main} [] []
[2015-05-15 12:37:38] production.ERROR: exception 'Symfony\Component\HttpKernel\Exception\NotFoundHttpException' in /opt/lampp/htdocs/itsqsaas/vendor/laravel/framework/src/Illuminate/Routing/RouteCollection.php:148
Stack trace:
#0 /opt/lampp/htdocs/itsqsaas/vendor/laravel/framework/src/Illuminate/Routing/Router.php(1054): Illuminate\Routing\RouteCollection->match(Object(Illuminate\Http\Request))
#1 /opt/lampp/htdocs/itsqsaas/vendor/laravel/framework/src/Illuminate/Routing/Router.php(1022): Illuminate\Routing\Router->findRoute(Object(Illuminate\Http\Request))
#2 /opt/lampp/htdocs/itsqsaas/vendor/laravel/framework/src/Illuminate/Routing/Router.php(1001): Illuminate\Routing\Router->dispatchToRoute(Object(Illuminate\Http\Request))
#3 /opt/lampp/htdocs/itsqsaas/vendor/laravel/framework/src/Illuminate/Foundation/Application.php(775): Illuminate\Routing\Router->dispatch(Object(Illuminate\Http\Request))
#4 /opt/lampp/htdocs/itsqsaas/vendor/laravel/framework/src/Illuminate/Foundation/Application.php(745): Illuminate\Foundation\Application->dispatch(Object(Illuminate\Http\Request))
#5 /opt/lampp/htdocs/itsqsaas/vendor/laravel/framework/src/Illuminate/Session/Middleware.php(72): Illuminate\Foundation\Application->handle(Object(Illuminate\Http\Request), 1, true)
#6 /opt/lampp/htdocs/itsqsaas/vendor/laravel/framework/src/Illuminate/Cookie/Queue.php(47): Illuminate\Session\Middleware->handle(Object(Illuminate\Http\Request), 1, true)
#7 /opt/lampp/htdocs/itsqsaas/vendor/laravel/framework/src/Illuminate/Cookie/Guard.php(51): Illuminate\Cookie\Queue->handle(Object(Illuminate\Http\Request), 1, true)
#8 /opt/lampp/htdocs/itsqsaas/vendor/stack/builder/src/Stack/StackedHttpKernel.php(23): Illuminate\Cookie\Guard->handle(Object(Illuminate\Http\Request), 1, true)
#9 /opt/lampp/htdocs/itsqsaas/vendor/laravel/framework/src/Illuminate/Foundation/Application.php(641): Stack\StackedHttpKernel->handle(Object(Illuminate\Http\Request))
#10 /opt/lampp/htdocs/itsqsaas/public/index.php(49): Illuminate\Foundation\Application->run()
#11 {main} [] []
[2015-05-15 12:37:38] production.ERROR: exception 'Symfony\Component\HttpKernel\Exception\NotFoundHttpException' in /opt/lampp/htdocs/itsqsaas/vendor/laravel/framework/src/Illuminate/Routing/RouteCollection.php:148
Stack trace:
#0 /opt/lampp/htdocs/itsqsaas/vendor/laravel/framework/src/Illuminate/Routing/Router.php(1054): Illuminate\Routing\RouteCollection->match(Object(Illuminate\Http\Request))
#1 /opt/lampp/htdocs/itsqsaas/vendor/laravel/framework/src/Illuminate/Routing/Router.php(1022): Illuminate\Routing\Router->findRoute(Object(Illuminate\Http\Request))
#2 /opt/lampp/htdocs/itsqsaas/vendor/laravel/framework/src/Illuminate/Routing/Router.php(1001): Illuminate\Routing\Router->dispatchToRoute(Object(Illuminate\Http\Request))
#3 /opt/lampp/htdocs/itsqsaas/vendor/laravel/framework/src/Illuminate/Foundation/Application.php(775): Illuminate\Routing\Router->dispatch(Object(Illuminate\Http\Request))
#4 /opt/lampp/htdocs/itsqsaas/vendor/laravel/framework/src/Illuminate/Foundation/Application.php(745): Illuminate\Foundation\Application->dispatch(Object(Illuminate\Http\Request))
#5 /opt/lampp/htdocs/itsqsaas/vendor/laravel/framework/src/Illuminate/Session/Middleware.php(72): Illuminate\Foundation\Application->handle(Object(Illuminate\Http\Request), 1, true)
#6 /opt/lampp/htdocs/itsqsaas/vendor/laravel/framework/src/Illuminate/Cookie/Queue.php(47): Illuminate\Session\Middleware->handle(Object(Illuminate\Http\Request), 1, true)
#7 /opt/lampp/htdocs/itsqsaas/vendor/laravel/framework/src/Illuminate/Cookie/Guard.php(51): Illuminate\Cookie\Queue->handle(Object(Illuminate\Http\Request), 1, true)
#8 /opt/lampp/htdocs/itsqsaas/vendor/stack/builder/src/Stack/StackedHttpKernel.php(23): Illuminate\Cookie\Guard->handle(Object(Illuminate\Http\Request), 1, true)
#9 /opt/lampp/htdocs/itsqsaas/vendor/laravel/framework/src/Illuminate/Foundation/Application.php(641): Stack\StackedHttpKernel->handle(Object(Illuminate\Http\Request))
#10 /opt/lampp/htdocs/itsqsaas/public/index.php(49): Illuminate\Foundation\Application->run()
#11 {main} [] []
[2015-05-15 12:39:59] production.ERROR: exception 'Symfony\Component\HttpKernel\Exception\NotFoundHttpException' in /opt/lampp/htdocs/itsqsaas/vendor/laravel/framework/src/Illuminate/Routing/RouteCollection.php:148
Stack trace:
#0 /opt/lampp/htdocs/itsqsaas/vendor/laravel/framework/src/Illuminate/Routing/Router.php(1054): Illuminate\Routing\RouteCollection->match(Object(Illuminate\Http\Request))
#1 /opt/lampp/htdocs/itsqsaas/vendor/laravel/framework/src/Illuminate/Routing/Router.php(1022): Illuminate\Routing\Router->findRoute(Object(Illuminate\Http\Request))
#2 /opt/lampp/htdocs/itsqsaas/vendor/laravel/framework/src/Illuminate/Routing/Router.php(1001): Illuminate\Routing\Router->dispatchToRoute(Object(Illuminate\Http\Request))
#3 /opt/lampp/htdocs/itsqsaas/vendor/laravel/framework/src/Illuminate/Foundation/Application.php(775): Illuminate\Routing\Router->dispatch(Object(Illuminate\Http\Request))
#4 /opt/lampp/htdocs/itsqsaas/vendor/laravel/framework/src/Illuminate/Foundation/Application.php(745): Illuminate\Foundation\Application->dispatch(Object(Illuminate\Http\Request))
#5 /opt/lampp/htdocs/itsqsaas/vendor/laravel/framework/src/Illuminate/Session/Middleware.php(72): Illuminate\Foundation\Application->handle(Object(Illuminate\Http\Request), 1, true)
#6 /opt/lampp/htdocs/itsqsaas/vendor/laravel/framework/src/Illuminate/Cookie/Queue.php(47): Illuminate\Session\Middleware->handle(Object(Illuminate\Http\Request), 1, true)
#7 /opt/lampp/htdocs/itsqsaas/vendor/laravel/framework/src/Illuminate/Cookie/Guard.php(51): Illuminate\Cookie\Queue->handle(Object(Illuminate\Http\Request), 1, true)
#8 /opt/lampp/htdocs/itsqsaas/vendor/stack/builder/src/Stack/StackedHttpKernel.php(23): Illuminate\Cookie\Guard->handle(Object(Illuminate\Http\Request), 1, true)
#9 /opt/lampp/htdocs/itsqsaas/vendor/laravel/framework/src/Illuminate/Foundation/Application.php(641): Stack\StackedHttpKernel->handle(Object(Illuminate\Http\Request))
#10 /opt/lampp/htdocs/itsqsaas/public/index.php(49): Illuminate\Foundation\Application->run()
#11 {main} [] []
[2015-05-15 16:43:53] production.ERROR: exception 'Symfony\Component\HttpKernel\Exception\NotFoundHttpException' in /opt/lampp/htdocs/itsqsaas/vendor/laravel/framework/src/Illuminate/Routing/RouteCollection.php:148
Stack trace:
#0 /opt/lampp/htdocs/itsqsaas/vendor/laravel/framework/src/Illuminate/Routing/Router.php(1054): Illuminate\Routing\RouteCollection->match(Object(Illuminate\Http\Request))
#1 /opt/lampp/htdocs/itsqsaas/vendor/laravel/framework/src/Illuminate/Routing/Router.php(1022): Illuminate\Routing\Router->findRoute(Object(Illuminate\Http\Request))
#2 /opt/lampp/htdocs/itsqsaas/vendor/laravel/framework/src/Illuminate/Routing/Router.php(1001): Illuminate\Routing\Router->dispatchToRoute(Object(Illuminate\Http\Request))
#3 /opt/lampp/htdocs/itsqsaas/vendor/laravel/framework/src/Illuminate/Foundation/Application.php(775): Illuminate\Routing\Router->dispatch(Object(Illuminate\Http\Request))
#4 /opt/lampp/htdocs/itsqsaas/vendor/laravel/framework/src/Illuminate/Foundation/Application.php(745): Illuminate\Foundation\Application->dispatch(Object(Illuminate\Http\Request))
#5 /opt/lampp/htdocs/itsqsaas/vendor/laravel/framework/src/Illuminate/Session/Middleware.php(72): Illuminate\Foundation\Application->handle(Object(Illuminate\Http\Request), 1, true)
#6 /opt/lampp/htdocs/itsqsaas/vendor/laravel/framework/src/Illuminate/Cookie/Queue.php(47): Illuminate\Session\Middleware->handle(Object(Illuminate\Http\Request), 1, true)
#7 /opt/lampp/htdocs/itsqsaas/vendor/laravel/framework/src/Illuminate/Cookie/Guard.php(51): Illuminate\Cookie\Queue->handle(Object(Illuminate\Http\Request), 1, true)
#8 /opt/lampp/htdocs/itsqsaas/vendor/stack/builder/src/Stack/StackedHttpKernel.php(23): Illuminate\Cookie\Guard->handle(Object(Illuminate\Http\Request), 1, true)
#9 /opt/lampp/htdocs/itsqsaas/vendor/laravel/framework/src/Illuminate/Foundation/Application.php(641): Stack\StackedHttpKernel->handle(Object(Illuminate\Http\Request))
#10 /opt/lampp/htdocs/itsqsaas/public/index.php(49): Illuminate\Foundation\Application->run()
#11 {main} [] []
[2015-05-15 16:49:40] production.ERROR: exception 'Symfony\Component\HttpKernel\Exception\NotFoundHttpException' in /opt/lampp/htdocs/itsqsaas/vendor/laravel/framework/src/Illuminate/Routing/RouteCollection.php:148
Stack trace:
#0 /opt/lampp/htdocs/itsqsaas/vendor/laravel/framework/src/Illuminate/Routing/Router.php(1054): Illuminate\Routing\RouteCollection->match(Object(Illuminate\Http\Request))
#1 /opt/lampp/htdocs/itsqsaas/vendor/laravel/framework/src/Illuminate/Routing/Router.php(1022): Illuminate\Routing\Router->findRoute(Object(Illuminate\Http\Request))
#2 /opt/lampp/htdocs/itsqsaas/vendor/laravel/framework/src/Illuminate/Routing/Router.php(1001): Illuminate\Routing\Router->dispatchToRoute(Object(Illuminate\Http\Request))
#3 /opt/lampp/htdocs/itsqsaas/vendor/laravel/framework/src/Illuminate/Foundation/Application.php(775): Illuminate\Routing\Router->dispatch(Object(Illuminate\Http\Request))
#4 /opt/lampp/htdocs/itsqsaas/vendor/laravel/framework/src/Illuminate/Foundation/Application.php(745): Illuminate\Foundation\Application->dispatch(Object(Illuminate\Http\Request))
#5 /opt/lampp/htdocs/itsqsaas/vendor/laravel/framework/src/Illuminate/Session/Middleware.php(72): Illuminate\Foundation\Application->handle(Object(Illuminate\Http\Request), 1, true)
#6 /opt/lampp/htdocs/itsqsaas/vendor/laravel/framework/src/Illuminate/Cookie/Queue.php(47): Illuminate\Session\Middleware->handle(Object(Illuminate\Http\Request), 1, true)
#7 /opt/lampp/htdocs/itsqsaas/vendor/laravel/framework/src/Illuminate/Cookie/Guard.php(51): Illuminate\Cookie\Queue->handle(Object(Illuminate\Http\Request), 1, true)
#8 /opt/lampp/htdocs/itsqsaas/vendor/stack/builder/src/Stack/StackedHttpKernel.php(23): Illuminate\Cookie\Guard->handle(Object(Illuminate\Http\Request), 1, true)
#9 /opt/lampp/htdocs/itsqsaas/vendor/laravel/framework/src/Illuminate/Foundation/Application.php(641): Stack\StackedHttpKernel->handle(Object(Illuminate\Http\Request))
#10 /opt/lampp/htdocs/itsqsaas/public/index.php(49): Illuminate\Foundation\Application->run()
#11 {main} [] []
[2015-05-15 16:58:14] production.ERROR: exception 'Symfony\Component\HttpKernel\Exception\NotFoundHttpException' in /opt/lampp/htdocs/itsqsaas/vendor/laravel/framework/src/Illuminate/Routing/RouteCollection.php:148
Stack trace:
#0 /opt/lampp/htdocs/itsqsaas/vendor/laravel/framework/src/Illuminate/Routing/Router.php(1054): Illuminate\Routing\RouteCollection->match(Object(Illuminate\Http\Request))
#1 /opt/lampp/htdocs/itsqsaas/vendor/laravel/framework/src/Illuminate/Routing/Router.php(1022): Illuminate\Routing\Router->findRoute(Object(Illuminate\Http\Request))
#2 /opt/lampp/htdocs/itsqsaas/vendor/laravel/framework/src/Illuminate/Routing/Router.php(1001): Illuminate\Routing\Router->dispatchToRoute(Object(Illuminate\Http\Request))
#3 /opt/lampp/htdocs/itsqsaas/vendor/laravel/framework/src/Illuminate/Foundation/Application.php(775): Illuminate\Routing\Router->dispatch(Object(Illuminate\Http\Request))
#4 /opt/lampp/htdocs/itsqsaas/vendor/laravel/framework/src/Illuminate/Foundation/Application.php(745): Illuminate\Foundation\Application->dispatch(Object(Illuminate\Http\Request))
#5 /opt/lampp/htdocs/itsqsaas/vendor/laravel/framework/src/Illuminate/Session/Middleware.php(72): Illuminate\Foundation\Application->handle(Object(Illuminate\Http\Request), 1, true)
#6 /opt/lampp/htdocs/itsqsaas/vendor/laravel/framework/src/Illuminate/Cookie/Queue.php(47): Illuminate\Session\Middleware->handle(Object(Illuminate\Http\Request), 1, true)
#7 /opt/lampp/htdocs/itsqsaas/vendor/laravel/framework/src/Illuminate/Cookie/Guard.php(51): Illuminate\Cookie\Queue->handle(Object(Illuminate\Http\Request), 1, true)
#8 /opt/lampp/htdocs/itsqsaas/vendor/stack/builder/src/Stack/StackedHttpKernel.php(23): Illuminate\Cookie\Guard->handle(Object(Illuminate\Http\Request), 1, true)
#9 /opt/lampp/htdocs/itsqsaas/vendor/laravel/framework/src/Illuminate/Foundation/Application.php(641): Stack\StackedHttpKernel->handle(Object(Illuminate\Http\Request))
#10 /opt/lampp/htdocs/itsqsaas/public/index.php(49): Illuminate\Foundation\Application->run()
#11 {main} [] []
[2015-05-15 17:00:36] production.ERROR: exception 'Symfony\Component\Debug\Exception\FatalErrorException' with message 'Call to undefined function assets()' in /opt/lampp/htdocs/itsqsaas/app/storage/views/05e0f4f706bed8fb2d9f8e93c68fe830:9
Stack trace:
#0 [internal function]: Illuminate\Exception\Handler->handleShutdown()
#1 {main} [] []
[2015-05-15 17:00:36] production.ERROR: exception 'Symfony\Component\HttpKernel\Exception\NotFoundHttpException' in /opt/lampp/htdocs/itsqsaas/vendor/laravel/framework/src/Illuminate/Routing/RouteCollection.php:148
Stack trace:
#0 /opt/lampp/htdocs/itsqsaas/vendor/laravel/framework/src/Illuminate/Routing/Router.php(1054): Illuminate\Routing\RouteCollection->match(Object(Illuminate\Http\Request))
#1 /opt/lampp/htdocs/itsqsaas/vendor/laravel/framework/src/Illuminate/Routing/Router.php(1022): Illuminate\Routing\Router->findRoute(Object(Illuminate\Http\Request))
#2 /opt/lampp/htdocs/itsqsaas/vendor/laravel/framework/src/Illuminate/Routing/Router.php(1001): Illuminate\Routing\Router->dispatchToRoute(Object(Illuminate\Http\Request))
#3 /opt/lampp/htdocs/itsqsaas/vendor/laravel/framework/src/Illuminate/Foundation/Application.php(775): Illuminate\Routing\Router->dispatch(Object(Illuminate\Http\Request))
#4 /opt/lampp/htdocs/itsqsaas/vendor/laravel/framework/src/Illuminate/Foundation/Application.php(745): Illuminate\Foundation\Application->dispatch(Object(Illuminate\Http\Request))
#5 /opt/lampp/htdocs/itsqsaas/vendor/laravel/framework/src/Illuminate/Session/Middleware.php(72): Illuminate\Foundation\Application->handle(Object(Illuminate\Http\Request), 1, true)
#6 /opt/lampp/htdocs/itsqsaas/vendor/laravel/framework/src/Illuminate/Cookie/Queue.php(47): Illuminate\Session\Middleware->handle(Object(Illuminate\Http\Request), 1, true)
#7 /opt/lampp/htdocs/itsqsaas/vendor/laravel/framework/src/Illuminate/Cookie/Guard.php(51): Illuminate\Cookie\Queue->handle(Object(Illuminate\Http\Request), 1, true)
#8 /opt/lampp/htdocs/itsqsaas/vendor/stack/builder/src/Stack/StackedHttpKernel.php(23): Illuminate\Cookie\Guard->handle(Object(Illuminate\Http\Request), 1, true)
#9 /opt/lampp/htdocs/itsqsaas/vendor/laravel/framework/src/Illuminate/Foundation/Application.php(641): Stack\StackedHttpKernel->handle(Object(Illuminate\Http\Request))
#10 /opt/lampp/htdocs/itsqsaas/public/index.php(49): Illuminate\Foundation\Application->run()
#11 {main} [] []
[2015-05-15 17:00:36] production.ERROR: exception 'Symfony\Component\HttpKernel\Exception\NotFoundHttpException' in /opt/lampp/htdocs/itsqsaas/vendor/laravel/framework/src/Illuminate/Routing/RouteCollection.php:148
Stack trace:
#0 /opt/lampp/htdocs/itsqsaas/vendor/laravel/framework/src/Illuminate/Routing/Router.php(1054): Illuminate\Routing\RouteCollection->match(Object(Illuminate\Http\Request))
#1 /opt/lampp/htdocs/itsqsaas/vendor/laravel/framework/src/Illuminate/Routing/Router.php(1022): Illuminate\Routing\Router->findRoute(Object(Illuminate\Http\Request))
#2 /opt/lampp/htdocs/itsqsaas/vendor/laravel/framework/src/Illuminate/Routing/Router.php(1001): Illuminate\Routing\Router->dispatchToRoute(Object(Illuminate\Http\Request))
#3 /opt/lampp/htdocs/itsqsaas/vendor/laravel/framework/src/Illuminate/Foundation/Application.php(775): Illuminate\Routing\Router->dispatch(Object(Illuminate\Http\Request))
#4 /opt/lampp/htdocs/itsqsaas/vendor/laravel/framework/src/Illuminate/Foundation/Application.php(745): Illuminate\Foundation\Application->dispatch(Object(Illuminate\Http\Request))
#5 /opt/lampp/htdocs/itsqsaas/vendor/laravel/framework/src/Illuminate/Session/Middleware.php(72): Illuminate\Foundation\Application->handle(Object(Illuminate\Http\Request), 1, true)
#6 /opt/lampp/htdocs/itsqsaas/vendor/laravel/framework/src/Illuminate/Cookie/Queue.php(47): Illuminate\Session\Middleware->handle(Object(Illuminate\Http\Request), 1, true)
#7 /opt/lampp/htdocs/itsqsaas/vendor/laravel/framework/src/Illuminate/Cookie/Guard.php(51): Illuminate\Cookie\Queue->handle(Object(Illuminate\Http\Request), 1, true)
#8 /opt/lampp/htdocs/itsqsaas/vendor/stack/builder/src/Stack/StackedHttpKernel.php(23): Illuminate\Cookie\Guard->handle(Object(Illuminate\Http\Request), 1, true)
#9 /opt/lampp/htdocs/itsqsaas/vendor/laravel/framework/src/Illuminate/Foundation/Application.php(641): Stack\StackedHttpKernel->handle(Object(Illuminate\Http\Request))
#10 /opt/lampp/htdocs/itsqsaas/public/index.php(49): Illuminate\Foundation\Application->run()
#11 {main} [] []
[2015-05-15 17:01:07] production.ERROR: exception 'Symfony\Component\HttpKernel\Exception\NotFoundHttpException' in /opt/lampp/htdocs/itsqsaas/vendor/laravel/framework/src/Illuminate/Routing/RouteCollection.php:148
Stack trace:
#0 /opt/lampp/htdocs/itsqsaas/vendor/laravel/framework/src/Illuminate/Routing/Router.php(1054): Illuminate\Routing\RouteCollection->match(Object(Illuminate\Http\Request))
#1 /opt/lampp/htdocs/itsqsaas/vendor/laravel/framework/src/Illuminate/Routing/Router.php(1022): Illuminate\Routing\Router->findRoute(Object(Illuminate\Http\Request))
#2 /opt/lampp/htdocs/itsqsaas/vendor/laravel/framework/src/Illuminate/Routing/Router.php(1001): Illuminate\Routing\Router->dispatchToRoute(Object(Illuminate\Http\Request))
#3 /opt/lampp/htdocs/itsqsaas/vendor/laravel/framework/src/Illuminate/Foundation/Application.php(775): Illuminate\Routing\Router->dispatch(Object(Illuminate\Http\Request))
#4 /opt/lampp/htdocs/itsqsaas/vendor/laravel/framework/src/Illuminate/Foundation/Application.php(745): Illuminate\Foundation\Application->dispatch(Object(Illuminate\Http\Request))
#5 /opt/lampp/htdocs/itsqsaas/vendor/laravel/framework/src/Illuminate/Session/Middleware.php(72): Illuminate\Foundation\Application->handle(Object(Illuminate\Http\Request), 1, true)
#6 /opt/lampp/htdocs/itsqsaas/vendor/laravel/framework/src/Illuminate/Cookie/Queue.php(47): Illuminate\Session\Middleware->handle(Object(Illuminate\Http\Request), 1, true)
#7 /opt/lampp/htdocs/itsqsaas/vendor/laravel/framework/src/Illuminate/Cookie/Guard.php(51): Illuminate\Cookie\Queue->handle(Object(Illuminate\Http\Request), 1, true)
#8 /opt/lampp/htdocs/itsqsaas/vendor/stack/builder/src/Stack/StackedHttpKernel.php(23): Illuminate\Cookie\Guard->handle(Object(Illuminate\Http\Request), 1, true)
#9 /opt/lampp/htdocs/itsqsaas/vendor/laravel/framework/src/Illuminate/Foundation/Application.php(641): Stack\StackedHttpKernel->handle(Object(Illuminate\Http\Request))
#10 /opt/lampp/htdocs/itsqsaas/public/index.php(49): Illuminate\Foundation\Application->run()
#11 {main} [] []
[2015-05-15 17:17:09] production.ERROR: exception 'Symfony\Component\HttpKernel\Exception\NotFoundHttpException' in /opt/lampp/htdocs/itsqsaas/vendor/laravel/framework/src/Illuminate/Routing/RouteCollection.php:148
Stack trace:
#0 /opt/lampp/htdocs/itsqsaas/vendor/laravel/framework/src/Illuminate/Routing/Router.php(1054): Illuminate\Routing\RouteCollection->match(Object(Illuminate\Http\Request))
#1 /opt/lampp/htdocs/itsqsaas/vendor/laravel/framework/src/Illuminate/Routing/Router.php(1022): Illuminate\Routing\Router->findRoute(Object(Illuminate\Http\Request))
#2 /opt/lampp/htdocs/itsqsaas/vendor/laravel/framework/src/Illuminate/Routing/Router.php(1001): Illuminate\Routing\Router->dispatchToRoute(Object(Illuminate\Http\Request))
#3 /opt/lampp/htdocs/itsqsaas/vendor/laravel/framework/src/Illuminate/Foundation/Application.php(775): Illuminate\Routing\Router->dispatch(Object(Illuminate\Http\Request))
#4 /opt/lampp/htdocs/itsqsaas/vendor/laravel/framework/src/Illuminate/Foundation/Application.php(745): Illuminate\Foundation\Application->dispatch(Object(Illuminate\Http\Request))
#5 /opt/lampp/htdocs/itsqsaas/vendor/laravel/framework/src/Illuminate/Session/Middleware.php(72): Illuminate\Foundation\Application->handle(Object(Illuminate\Http\Request), 1, true)
#6 /opt/lampp/htdocs/itsqsaas/vendor/laravel/framework/src/Illuminate/Cookie/Queue.php(47): Illuminate\Session\Middleware->handle(Object(Illuminate\Http\Request), 1, true)
#7 /opt/lampp/htdocs/itsqsaas/vendor/laravel/framework/src/Illuminate/Cookie/Guard.php(51): Illuminate\Cookie\Queue->handle(Object(Illuminate\Http\Request), 1, true)
#8 /opt/lampp/htdocs/itsqsaas/vendor/stack/builder/src/Stack/StackedHttpKernel.php(23): Illuminate\Cookie\Guard->handle(Object(Illuminate\Http\Request), 1, true)
#9 /opt/lampp/htdocs/itsqsaas/vendor/laravel/framework/src/Illuminate/Foundation/Application.php(641): Stack\StackedHttpKernel->handle(Object(Illuminate\Http\Request))
#10 /opt/lampp/htdocs/itsqsaas/public/index.php(49): Illuminate\Foundation\Application->run()
#11 {main} [] []
[2015-05-15 17:21:26] production.ERROR: exception 'Symfony\Component\HttpKernel\Exception\NotFoundHttpException' in /opt/lampp/htdocs/itsqsaas/vendor/laravel/framework/src/Illuminate/Routing/RouteCollection.php:148
Stack trace:
#0 /opt/lampp/htdocs/itsqsaas/vendor/laravel/framework/src/Illuminate/Routing/Router.php(1054): Illuminate\Routing\RouteCollection->match(Object(Illuminate\Http\Request))
#1 /opt/lampp/htdocs/itsqsaas/vendor/laravel/framework/src/Illuminate/Routing/Router.php(1022): Illuminate\Routing\Router->findRoute(Object(Illuminate\Http\Request))
#2 /opt/lampp/htdocs/itsqsaas/vendor/laravel/framework/src/Illuminate/Routing/Router.php(1001): Illuminate\Routing\Router->dispatchToRoute(Object(Illuminate\Http\Request))
#3 /opt/lampp/htdocs/itsqsaas/vendor/laravel/framework/src/Illuminate/Foundation/Application.php(775): Illuminate\Routing\Router->dispatch(Object(Illuminate\Http\Request))
#4 /opt/lampp/htdocs/itsqsaas/vendor/laravel/framework/src/Illuminate/Foundation/Application.php(745): Illuminate\Foundation\Application->dispatch(Object(Illuminate\Http\Request))
#5 /opt/lampp/htdocs/itsqsaas/vendor/laravel/framework/src/Illuminate/Session/Middleware.php(72): Illuminate\Foundation\Application->handle(Object(Illuminate\Http\Request), 1, true)
#6 /opt/lampp/htdocs/itsqsaas/vendor/laravel/framework/src/Illuminate/Cookie/Queue.php(47): Illuminate\Session\Middleware->handle(Object(Illuminate\Http\Request), 1, true)
#7 /opt/lampp/htdocs/itsqsaas/vendor/laravel/framework/src/Illuminate/Cookie/Guard.php(51): Illuminate\Cookie\Queue->handle(Object(Illuminate\Http\Request), 1, true)
#8 /opt/lampp/htdocs/itsqsaas/vendor/stack/builder/src/Stack/StackedHttpKernel.php(23): Illuminate\Cookie\Guard->handle(Object(Illuminate\Http\Request), 1, true)
#9 /opt/lampp/htdocs/itsqsaas/vendor/laravel/framework/src/Illuminate/Foundation/Application.php(641): Stack\StackedHttpKernel->handle(Object(Illuminate\Http\Request))
#10 /opt/lampp/htdocs/itsqsaas/public/index.php(49): Illuminate\Foundation\Application->run()
#11 {main} [] []
[2015-05-18 02:43:49] production.ERROR: exception 'InvalidArgumentException' with message 'View [default.subscribe] not found.' in /opt/lampp/htdocs/itsqsaas/vendor/laravel/framework/src/Illuminate/View/FileViewFinder.php:146
Stack trace:
#0 /opt/lampp/htdocs/itsqsaas/vendor/laravel/framework/src/Illuminate/View/FileViewFinder.php(83): Illuminate\View\FileViewFinder->findInPaths('default.subscri...', Array)
#1 /opt/lampp/htdocs/itsqsaas/vendor/laravel/framework/src/Illuminate/View/Factory.php(124): Illuminate\View\FileViewFinder->find('default.subscri...')
#2 /opt/lampp/htdocs/itsqsaas/vendor/laravel/framework/src/Illuminate/Support/Facades/Facade.php(208): Illuminate\View\Factory->make('default.subscri...')
#3 /opt/lampp/htdocs/itsqsaas/app/controllers/DefaultController.php(21): Illuminate\Support\Facades\Facade::__callStatic('make', Array)
#4 /opt/lampp/htdocs/itsqsaas/app/controllers/DefaultController.php(21): Illuminate\Support\Facades\View::make('default.subscri...')
#5 [internal function]: DefaultController->subscribe()
#6 /opt/lampp/htdocs/itsqsaas/vendor/laravel/framework/src/Illuminate/Routing/Controller.php(231): call_user_func_array(Array, Array)
#7 /opt/lampp/htdocs/itsqsaas/vendor/laravel/framework/src/Illuminate/Routing/ControllerDispatcher.php(93): Illuminate\Routing\Controller->callAction('subscribe', Array)
#8 /opt/lampp/htdocs/itsqsaas/vendor/laravel/framework/src/Illuminate/Routing/ControllerDispatcher.php(62): Illuminate\Routing\ControllerDispatcher->call(Object(DefaultController), Object(Illuminate\Routing\Route), 'subscribe')
#9 /opt/lampp/htdocs/itsqsaas/vendor/laravel/framework/src/Illuminate/Routing/Router.php(967): Illuminate\Routing\ControllerDispatcher->dispatch(Object(Illuminate\Routing\Route), Object(Illuminate\Http\Request), 'DefaultControll...', 'subscribe')
#10 [internal function]: Illuminate\Routing\Router->Illuminate\Routing\{closure}()
#11 /opt/lampp/htdocs/itsqsaas/vendor/laravel/framework/src/Illuminate/Routing/Route.php(109): call_user_func_array(Object(Closure), Array)
#12 /opt/lampp/htdocs/itsqsaas/vendor/laravel/framework/src/Illuminate/Routing/Router.php(1033): Illuminate\Routing\Route->run(Object(Illuminate\Http\Request))
#13 /opt/lampp/htdocs/itsqsaas/vendor/laravel/framework/src/Illuminate/Routing/Router.php(1001): Illuminate\Routing\Router->dispatchToRoute(Object(Illuminate\Http\Request))
#14 /opt/lampp/htdocs/itsqsaas/vendor/laravel/framework/src/Illuminate/Foundation/Application.php(775): Illuminate\Routing\Router->dispatch(Object(Illuminate\Http\Request))
#15 /opt/lampp/htdocs/itsqsaas/vendor/laravel/framework/src/Illuminate/Foundation/Application.php(745): Illuminate\Foundation\Application->dispatch(Object(Illuminate\Http\Request))
#16 /opt/lampp/htdocs/itsqsaas/vendor/laravel/framework/src/Illuminate/Session/Middleware.php(72): Illuminate\Foundation\Application->handle(Object(Illuminate\Http\Request), 1, true)
#17 /opt/lampp/htdocs/itsqsaas/vendor/laravel/framework/src/Illuminate/Cookie/Queue.php(47): Illuminate\Session\Middleware->handle(Object(Illuminate\Http\Request), 1, true)
#18 /opt/lampp/htdocs/itsqsaas/vendor/laravel/framework/src/Illuminate/Cookie/Guard.php(51): Illuminate\Cookie\Queue->handle(Object(Illuminate\Http\Request), 1, true)
#19 /opt/lampp/htdocs/itsqsaas/vendor/stack/builder/src/Stack/StackedHttpKernel.php(23): Illuminate\Cookie\Guard->handle(Object(Illuminate\Http\Request), 1, true)
#20 /opt/lampp/htdocs/itsqsaas/vendor/laravel/framework/src/Illuminate/Foundation/Application.php(641): Stack\StackedHttpKernel->handle(Object(Illuminate\Http\Request))
#21 /opt/lampp/htdocs/itsqsaas/public/index.php(49): Illuminate\Foundation\Application->run()
#22 {main} [] []
[2015-05-18 12:16:25] production.ERROR: exception 'Symfony\Component\Debug\Exception\FatalErrorException' with message 'syntax error, unexpected '{'' in /opt/lampp/htdocs/itsqsaas/app/storage/views/b0ddf09b0281bec3df6494c8cd87e379:25
Stack trace:
#0 [internal function]: Illuminate\Exception\Handler->handleShutdown()
#1 {main} [] []
[2015-05-18 12:16:34] production.ERROR: exception 'Symfony\Component\Debug\Exception\FatalErrorException' with message 'syntax error, unexpected '{'' in /opt/lampp/htdocs/itsqsaas/app/storage/views/b0ddf09b0281bec3df6494c8cd87e379:25
Stack trace:
#0 [internal function]: Illuminate\Exception\Handler->handleShutdown()
#1 {main} [] []
[2015-05-18 12:16:42] production.ERROR: exception 'Symfony\Component\Debug\Exception\FatalErrorException' with message 'syntax error, unexpected '{'' in /opt/lampp/htdocs/itsqsaas/app/storage/views/b0ddf09b0281bec3df6494c8cd87e379:25
Stack trace:
#0 [internal function]: Illuminate\Exception\Handler->handleShutdown()
#1 {main} [] []
[2015-05-18 12:17:29] production.ERROR: exception 'Symfony\Component\Debug\Exception\FatalErrorException' with message 'syntax error, unexpected ';'' in /opt/lampp/htdocs/itsqsaas/app/storage/views/b0ddf09b0281bec3df6494c8cd87e379:25
Stack trace:
#0 [internal function]: Illuminate\Exception\Handler->handleShutdown()
#1 {main} [] []
[2015-05-18 20:08:17] production.ERROR: exception 'Symfony\Component\HttpKernel\Exception\NotFoundHttpException' in /opt/lampp/htdocs/itsqsaas/vendor/laravel/framework/src/Illuminate/Routing/RouteCollection.php:148
Stack trace:
#0 /opt/lampp/htdocs/itsqsaas/vendor/laravel/framework/src/Illuminate/Routing/Router.php(1054): Illuminate\Routing\RouteCollection->match(Object(Illuminate\Http\Request))
#1 /opt/lampp/htdocs/itsqsaas/vendor/laravel/framework/src/Illuminate/Routing/Router.php(1022): Illuminate\Routing\Router->findRoute(Object(Illuminate\Http\Request))
#2 /opt/lampp/htdocs/itsqsaas/vendor/laravel/framework/src/Illuminate/Routing/Router.php(1001): Illuminate\Routing\Router->dispatchToRoute(Object(Illuminate\Http\Request))
#3 /opt/lampp/htdocs/itsqsaas/vendor/laravel/framework/src/Illuminate/Foundation/Application.php(775): Illuminate\Routing\Router->dispatch(Object(Illuminate\Http\Request))
#4 /opt/lampp/htdocs/itsqsaas/vendor/laravel/framework/src/Illuminate/Foundation/Application.php(745): Illuminate\Foundation\Application->dispatch(Object(Illuminate\Http\Request))
#5 /opt/lampp/htdocs/itsqsaas/vendor/laravel/framework/src/Illuminate/Session/Middleware.php(72): Illuminate\Foundation\Application->handle(Object(Illuminate\Http\Request), 1, true)
#6 /opt/lampp/htdocs/itsqsaas/vendor/laravel/framework/src/Illuminate/Cookie/Queue.php(47): Illuminate\Session\Middleware->handle(Object(Illuminate\Http\Request), 1, true)
#7 /opt/lampp/htdocs/itsqsaas/vendor/laravel/framework/src/Illuminate/Cookie/Guard.php(51): Illuminate\Cookie\Queue->handle(Object(Illuminate\Http\Request), 1, true)
#8 /opt/lampp/htdocs/itsqsaas/vendor/stack/builder/src/Stack/StackedHttpKernel.php(23): Illuminate\Cookie\Guard->handle(Object(Illuminate\Http\Request), 1, true)
#9 /opt/lampp/htdocs/itsqsaas/vendor/laravel/framework/src/Illuminate/Foundation/Application.php(641): Stack\StackedHttpKernel->handle(Object(Illuminate\Http\Request))
#10 /opt/lampp/htdocs/itsqsaas/public/index.php(49): Illuminate\Foundation\Application->run()
#11 {main} [] []
[2015-05-18 20:09:31] production.ERROR: exception 'Symfony\Component\HttpKernel\Exception\NotFoundHttpException' in /opt/lampp/htdocs/itsqsaas/vendor/laravel/framework/src/Illuminate/Routing/RouteCollection.php:148
Stack trace:
#0 /opt/lampp/htdocs/itsqsaas/vendor/laravel/framework/src/Illuminate/Routing/Router.php(1054): Illuminate\Routing\RouteCollection->match(Object(Illuminate\Http\Request))
#1 /opt/lampp/htdocs/itsqsaas/vendor/laravel/framework/src/Illuminate/Routing/Router.php(1022): Illuminate\Routing\Router->findRoute(Object(Illuminate\Http\Request))
#2 /opt/lampp/htdocs/itsqsaas/vendor/laravel/framework/src/Illuminate/Routing/Router.php(1001): Illuminate\Routing\Router->dispatchToRoute(Object(Illuminate\Http\Request))
#3 /opt/lampp/htdocs/itsqsaas/vendor/laravel/framework/src/Illuminate/Foundation/Application.php(775): Illuminate\Routing\Router->dispatch(Object(Illuminate\Http\Request))
#4 /opt/lampp/htdocs/itsqsaas/vendor/laravel/framework/src/Illuminate/Foundation/Application.php(745): Illuminate\Foundation\Application->dispatch(Object(Illuminate\Http\Request))
#5 /opt/lampp/htdocs/itsqsaas/vendor/laravel/framework/src/Illuminate/Session/Middleware.php(72): Illuminate\Foundation\Application->handle(Object(Illuminate\Http\Request), 1, true)
#6 /opt/lampp/htdocs/itsqsaas/vendor/laravel/framework/src/Illuminate/Cookie/Queue.php(47): Illuminate\Session\Middleware->handle(Object(Illuminate\Http\Request), 1, true)
#7 /opt/lampp/htdocs/itsqsaas/vendor/laravel/framework/src/Illuminate/Cookie/Guard.php(51): Illuminate\Cookie\Queue->handle(Object(Illuminate\Http\Request), 1, true)
#8 /opt/lampp/htdocs/itsqsaas/vendor/stack/builder/src/Stack/StackedHttpKernel.php(23): Illuminate\Cookie\Guard->handle(Object(Illuminate\Http\Request), 1, true)
#9 /opt/lampp/htdocs/itsqsaas/vendor/laravel/framework/src/Illuminate/Foundation/Application.php(641): Stack\StackedHttpKernel->handle(Object(Illuminate\Http\Request))
#10 /opt/lampp/htdocs/itsqsaas/public/index.php(49): Illuminate\Foundation\Application->run()
#11 {main} [] []
[2015-05-18 20:09:37] production.ERROR: exception 'BadMethodCallException' with message 'Method [doSubscribe] does not exist.' in /opt/lampp/htdocs/itsqsaas/vendor/laravel/framework/src/Illuminate/Routing/Controller.php:268
Stack trace:
#0 [internal function]: Illuminate\Routing\Controller->__call('doSubscribe', Array)
#1 [internal function]: DefaultController->doSubscribe()
#2 /opt/lampp/htdocs/itsqsaas/vendor/laravel/framework/src/Illuminate/Routing/Controller.php(231): call_user_func_array(Array, Array)
#3 /opt/lampp/htdocs/itsqsaas/vendor/laravel/framework/src/Illuminate/Routing/ControllerDispatcher.php(93): Illuminate\Routing\Controller->callAction('doSubscribe', Array)
#4 /opt/lampp/htdocs/itsqsaas/vendor/laravel/framework/src/Illuminate/Routing/ControllerDispatcher.php(62): Illuminate\Routing\ControllerDispatcher->call(Object(DefaultController), Object(Illuminate\Routing\Route), 'doSubscribe')
#5 /opt/lampp/htdocs/itsqsaas/vendor/laravel/framework/src/Illuminate/Routing/Router.php(967): Illuminate\Routing\ControllerDispatcher->dispatch(Object(Illuminate\Routing\Route), Object(Illuminate\Http\Request), 'DefaultControll...', 'doSubscribe')
#6 [internal function]: Illuminate\Routing\Router->Illuminate\Routing\{closure}()
#7 /opt/lampp/htdocs/itsqsaas/vendor/laravel/framework/src/Illuminate/Routing/Route.php(109): call_user_func_array(Object(Closure), Array)
#8 /opt/lampp/htdocs/itsqsaas/vendor/laravel/framework/src/Illuminate/Routing/Router.php(1033): Illuminate\Routing\Route->run(Object(Illuminate\Http\Request))
#9 /opt/lampp/htdocs/itsqsaas/vendor/laravel/framework/src/Illuminate/Routing/Router.php(1001): Illuminate\Routing\Router->dispatchToRoute(Object(Illuminate\Http\Request))
#10 /opt/lampp/htdocs/itsqsaas/vendor/laravel/framework/src/Illuminate/Foundation/Application.php(775): Illuminate\Routing\Router->dispatch(Object(Illuminate\Http\Request))
#11 /opt/lampp/htdocs/itsqsaas/vendor/laravel/framework/src/Illuminate/Foundation/Application.php(745): Illuminate\Foundation\Application->dispatch(Object(Illuminate\Http\Request))
#12 /opt/lampp/htdocs/itsqsaas/vendor/laravel/framework/src/Illuminate/Session/Middleware.php(72): Illuminate\Foundation\Application->handle(Object(Illuminate\Http\Request), 1, true)
#13 /opt/lampp/htdocs/itsqsaas/vendor/laravel/framework/src/Illuminate/Cookie/Queue.php(47): Illuminate\Session\Middleware->handle(Object(Illuminate\Http\Request), 1, true)
#14 /opt/lampp/htdocs/itsqsaas/vendor/laravel/framework/src/Illuminate/Cookie/Guard.php(51): Illuminate\Cookie\Queue->handle(Object(Illuminate\Http\Request), 1, true)
#15 /opt/lampp/htdocs/itsqsaas/vendor/stack/builder/src/Stack/StackedHttpKernel.php(23): Illuminate\Cookie\Guard->handle(Object(Illuminate\Http\Request), 1, true)
#16 /opt/lampp/htdocs/itsqsaas/vendor/laravel/framework/src/Illuminate/Foundation/Application.php(641): Stack\StackedHttpKernel->handle(Object(Illuminate\Http\Request))
#17 /opt/lampp/htdocs/itsqsaas/public/index.php(49): Illuminate\Foundation\Application->run()
#18 {main} [] []
[2015-05-18 20:35:07] production.ERROR: exception 'ErrorException' with message 'htmlentities() expects parameter 1 to be string, array given' in /opt/lampp/htdocs/itsqsaas/vendor/laravel/framework/src/Illuminate/Support/helpers.php:527
Stack trace:
#0 [internal function]: Illuminate\Exception\Handler->handleError(2, 'htmlentities() ...', '/opt/lampp/htdo...', 527, Array)
#1 /opt/lampp/htdocs/itsqsaas/vendor/laravel/framework/src/Illuminate/Support/helpers.php(527): htmlentities(Array, 3, 'UTF-8', false)
#2 /opt/lampp/htdocs/itsqsaas/vendor/laravel/framework/src/Illuminate/Html/HtmlBuilder.php(339): e(Array)
#3 /opt/lampp/htdocs/itsqsaas/vendor/laravel/framework/src/Illuminate/Html/HtmlBuilder.php(320): Illuminate\Html\HtmlBuilder->attributeElement('value', Array)
#4 /opt/lampp/htdocs/itsqsaas/vendor/laravel/framework/src/Illuminate/Html/FormBuilder.php(245): Illuminate\Html\HtmlBuilder->attributes(Array)
#5 /opt/lampp/htdocs/itsqsaas/vendor/laravel/framework/src/Illuminate/Html/FormBuilder.php(258): Illuminate\Html\FormBuilder->input('text', 'name', Array, Array)
#6 /opt/lampp/htdocs/itsqsaas/vendor/laravel/framework/src/Illuminate/Support/Facades/Facade.php(211): Illuminate\Html\FormBuilder->text('name', Array)
#7 /opt/lampp/htdocs/itsqsaas/app/storage/views/b0ddf09b0281bec3df6494c8cd87e379(35): Illuminate\Support\Facades\Facade::__callStatic('text', Array)
#8 /opt/lampp/htdocs/itsqsaas/app/storage/views/b0ddf09b0281bec3df6494c8cd87e379(35): Illuminate\Support\Facades\Form::text('name', Array)
#9 /opt/lampp/htdocs/itsqsaas/vendor/laravel/framework/src/Illuminate/View/Engines/PhpEngine.php(37): include('/opt/lampp/htdo...')
#10 /opt/lampp/htdocs/itsqsaas/vendor/laravel/framework/src/Illuminate/View/Engines/CompilerEngine.php(56): Illuminate\View\Engines\PhpEngine->evaluatePath('/opt/lampp/htdo...', Array)
#11 /opt/lampp/htdocs/itsqsaas/vendor/laravel/framework/src/Illuminate/View/View.php(134): Illuminate\View\Engines\CompilerEngine->get('/opt/lampp/htdo...', Array)
#12 /opt/lampp/htdocs/itsqsaas/vendor/laravel/framework/src/Illuminate/View/View.php(102): Illuminate\View\View->getContents()
#13 /opt/lampp/htdocs/itsqsaas/vendor/laravel/framework/src/Illuminate/View/View.php(76): Illuminate\View\View->renderContents()
#14 /opt/lampp/htdocs/itsqsaas/vendor/laravel/framework/src/Illuminate/Http/Response.php(43): Illuminate\View\View->render()
#15 /opt/lampp/htdocs/itsqsaas/vendor/symfony/http-foundation/Symfony/Component/HttpFoundation/Response.php(202): Illuminate\Http\Response->setContent(Object(Illuminate\View\View))
#16 /opt/lampp/htdocs/itsqsaas/vendor/laravel/framework/src/Illuminate/Routing/Router.php(1501): Symfony\Component\HttpFoundation\Response->__construct(Object(Illuminate\View\View))
#17 /opt/lampp/htdocs/itsqsaas/vendor/laravel/framework/src/Illuminate/Routing/Router.php(1036): Illuminate\Routing\Router->prepareResponse(Object(Illuminate\Http\Request), Object(Illuminate\View\View))
#18 /opt/lampp/htdocs/itsqsaas/vendor/laravel/framework/src/Illuminate/Routing/Router.php(1001): Illuminate\Routing\Router->dispatchToRoute(Object(Illuminate\Http\Request))
#19 /opt/lampp/htdocs/itsqsaas/vendor/laravel/framework/src/Illuminate/Foundation/Application.php(775): Illuminate\Routing\Router->dispatch(Object(Illuminate\Http\Request))
#20 /opt/lampp/htdocs/itsqsaas/vendor/laravel/framework/src/Illuminate/Foundation/Application.php(745): Illuminate\Foundation\Application->dispatch(Object(Illuminate\Http\Request))
#21 /opt/lampp/htdocs/itsqsaas/vendor/laravel/framework/src/Illuminate/Session/Middleware.php(72): Illuminate\Foundation\Application->handle(Object(Illuminate\Http\Request), 1, true)
#22 /opt/lampp/htdocs/itsqsaas/vendor/laravel/framework/src/Illuminate/Cookie/Queue.php(47): Illuminate\Session\Middleware->handle(Object(Illuminate\Http\Request), 1, true)
#23 /opt/lampp/htdocs/itsqsaas/vendor/laravel/framework/src/Illuminate/Cookie/Guard.php(51): Illuminate\Cookie\Queue->handle(Object(Illuminate\Http\Request), 1, true)
#24 /opt/lampp/htdocs/itsqsaas/vendor/stack/builder/src/Stack/StackedHttpKernel.php(23): Illuminate\Cookie\Guard->handle(Object(Illuminate\Http\Request), 1, true)
#25 /opt/lampp/htdocs/itsqsaas/vendor/laravel/framework/src/Illuminate/Foundation/Application.php(641): Stack\StackedHttpKernel->handle(Object(Illuminate\Http\Request))
#26 /opt/lampp/htdocs/itsqsaas/public/index.php(49): Illuminate\Foundation\Application->run()
#27 {main}

Next exception 'ErrorException' with message 'htmlentities() expects parameter 1 to be string, array given (View: /opt/lampp/htdocs/itsqsaas/app/views/default/subscribe.blade.php)' in /opt/lampp/htdocs/itsqsaas/vendor/laravel/framework/src/Illuminate/Support/helpers.php:527
Stack trace:
#0 /opt/lampp/htdocs/itsqsaas/vendor/laravel/framework/src/Illuminate/View/Engines/PhpEngine.php(41): Illuminate\View\Engines\CompilerEngine->handleViewException(Object(ErrorException), 1)
#1 /opt/lampp/htdocs/itsqsaas/vendor/laravel/framework/src/Illuminate/View/Engines/CompilerEngine.php(56): Illuminate\View\Engines\PhpEngine->evaluatePath('/opt/lampp/htdo...', Array)
#2 /opt/lampp/htdocs/itsqsaas/vendor/laravel/framework/src/Illuminate/View/View.php(134): Illuminate\View\Engines\CompilerEngine->get('/opt/lampp/htdo...', Array)
#3 /opt/lampp/htdocs/itsqsaas/vendor/laravel/framework/src/Illuminate/View/View.php(102): Illuminate\View\View->getContents()
#4 /opt/lampp/htdocs/itsqsaas/vendor/laravel/framework/src/Illuminate/View/View.php(76): Illuminate\View\View->renderContents()
#5 /opt/lampp/htdocs/itsqsaas/vendor/laravel/framework/src/Illuminate/Http/Response.php(43): Illuminate\View\View->render()
#6 /opt/lampp/htdocs/itsqsaas/vendor/symfony/http-foundation/Symfony/Component/HttpFoundation/Response.php(202): Illuminate\Http\Response->setContent(Object(Illuminate\View\View))
#7 /opt/lampp/htdocs/itsqsaas/vendor/laravel/framework/src/Illuminate/Routing/Router.php(1501): Symfony\Component\HttpFoundation\Response->__construct(Object(Illuminate\View\View))
#8 /opt/lampp/htdocs/itsqsaas/vendor/laravel/framework/src/Illuminate/Routing/Router.php(1036): Illuminate\Routing\Router->prepareResponse(Object(Illuminate\Http\Request), Object(Illuminate\View\View))
#9 /opt/lampp/htdocs/itsqsaas/vendor/laravel/framework/src/Illuminate/Routing/Router.php(1001): Illuminate\Routing\Router->dispatchToRoute(Object(Illuminate\Http\Request))
#10 /opt/lampp/htdocs/itsqsaas/vendor/laravel/framework/src/Illuminate/Foundation/Application.php(775): Illuminate\Routing\Router->dispatch(Object(Illuminate\Http\Request))
#11 /opt/lampp/htdocs/itsqsaas/vendor/laravel/framework/src/Illuminate/Foundation/Application.php(745): Illuminate\Foundation\Application->dispatch(Object(Illuminate\Http\Request))
#12 /opt/lampp/htdocs/itsqsaas/vendor/laravel/framework/src/Illuminate/Session/Middleware.php(72): Illuminate\Foundation\Application->handle(Object(Illuminate\Http\Request), 1, true)
#13 /opt/lampp/htdocs/itsqsaas/vendor/laravel/framework/src/Illuminate/Cookie/Queue.php(47): Illuminate\Session\Middleware->handle(Object(Illuminate\Http\Request), 1, true)
#14 /opt/lampp/htdocs/itsqsaas/vendor/laravel/framework/src/Illuminate/Cookie/Guard.php(51): Illuminate\Cookie\Queue->handle(Object(Illuminate\Http\Request), 1, true)
#15 /opt/lampp/htdocs/itsqsaas/vendor/stack/builder/src/Stack/StackedHttpKernel.php(23): Illuminate\Cookie\Guard->handle(Object(Illuminate\Http\Request), 1, true)
#16 /opt/lampp/htdocs/itsqsaas/vendor/laravel/framework/src/Illuminate/Foundation/Application.php(641): Stack\StackedHttpKernel->handle(Object(Illuminate\Http\Request))
#17 /opt/lampp/htdocs/itsqsaas/public/index.php(49): Illuminate\Foundation\Application->run()
#18 {main} [] []
